<?xml version="1.0" encoding="UTF-8"?>
<!-- Generated by org.testng.reporters.JUnitXMLReporter -->
<testsuite ignored="0" hostname="QB-TP3-2221" failures="0" tests="3" name="My Test" time="13.389" errors="0" timestamp="2022-09-14T20:05:45 IST">
  <testcase classname="Testcases.ManageLocationTest" name="displayColorNewbutton" time="1.346"/>
  <testcase classname="Testcases.ManageLocationTest" name="manageLocationTabValidation" time="1.311"/>
  <testcase classname="Testcases.ManageLocationTest" name="searchMethod" time="2.171"/>
</testsuite> <!-- My Test -->
