<?xml version="1.0" encoding="UTF-8"?>
<!-- Generated by org.testng.reporters.JUnitXMLReporter -->
<testsuite ignored="0" hostname="QB-TP3-2221" failures="1" tests="3" name="EdgeTest" time="13.998" errors="0" timestamp="2022-09-14T12:24:24 IST">
  <testcase classname="Testcases.ManageExpenseTestcase" name="ManageordersResetButtonClrVaildation" time="1.425"/>
  <testcase classname="Testcases.ManageExpenseTestcase" name="Manageorders_search_btn_size" time="1.412"/>
  <testcase classname="Testcases.ManageExpenseTestcase" name="backGroundSearchrVaildation" time="1.632">
    <failure type="org.openqa.selenium.ElementClickInterceptedException" message="element click intercepted: Element &amp;lt;a href=&amp;quot;https://groceryapp.uniqassosiates.com/admin/list-expense&amp;quot; class=&amp;quot;nav-link&amp;quot;&amp;gt;...&amp;lt;/a&amp;gt; is not clickable at point (127, 227). Other element would receive the click: &amp;lt;a href=&amp;quot;https://groceryapp.uniqassosiates.com/admin/expense-category&amp;quot; class=&amp;quot;nav-link&amp;quot;&amp;gt;...&amp;lt;/a&amp;gt;
  (Session info: MicrosoftEdge=105.0.1343.33)
Build info: version: &amp;apos;4.4.0&amp;apos;, revision: &amp;apos;e5c75ed026a&amp;apos;
System info: host: &amp;apos;QB-TP3-2221&amp;apos;, ip: &amp;apos;192.168.1.6&amp;apos;, os.name: &amp;apos;Windows 10&amp;apos;, os.arch: &amp;apos;amd64&amp;apos;, os.version: &amp;apos;10.0&amp;apos;, java.version: &amp;apos;11.0.14&amp;apos;
Driver info: org.openqa.selenium.edge.EdgeDriver
Command: [2435f2d115adfc2a342d337a00d63a06, clickElement {id=3fb00d53-250d-47f4-8f4a-01f93d338224}]
Capabilities {acceptInsecureCerts: false, browserName: msedge, browserVersion: 105.0.1343.33, ms:edgeOptions: {debuggerAddress: localhost:59277}, msedge: {msedgedriverVersion: 104.0.1293.47 (246533a39fec..., userDataDir: C:\Users\SREEJY~1\AppData\L...}, networkConnectionEnabled: false, pageLoadStrategy: normal, platformName: WINDOWS, proxy: Proxy(), se:cdp: ws://localhost:59277/devtoo..., se:cdpVersion: 105.0.1343.33, setWindowRect: true, strictFileInteractability: false, timeouts: {implicit: 0, pageLoad: 300000, script: 30000}, unhandledPromptBehavior: dismiss and notify, webauthn:extension:credBlob: true, webauthn:extension:largeBlob: true, webauthn:virtualAuthenticators: true}
Element: [[EdgeDriver: msedge on WINDOWS (2435f2d115adfc2a342d337a00d63a06)] -&amp;gt; xpath: //a[@href=&amp;apos;https://groceryapp.uniqassosiates.com/admin/list-expense&amp;apos;]]
Session ID: 2435f2d115adfc2a342d337a00d63a06">
      <![CDATA[org.openqa.selenium.ElementClickInterceptedException: element click intercepted: Element <a href="https://groceryapp.uniqassosiates.com/admin/list-expense" class="nav-link">...</a> is not clickable at point (127, 227). Other element would receive the click: <a href="https://groceryapp.uniqassosiates.com/admin/expense-category" class="nav-link">...</a>
  (Session info: MicrosoftEdge=105.0.1343.33)
Build info: version: '4.4.0', revision: 'e5c75ed026a'
System info: host: 'QB-TP3-2221', ip: '192.168.1.6', os.name: 'Windows 10', os.arch: 'amd64', os.version: '10.0', java.version: '11.0.14'
Driver info: org.openqa.selenium.edge.EdgeDriver
Command: [2435f2d115adfc2a342d337a00d63a06, clickElement {id=3fb00d53-250d-47f4-8f4a-01f93d338224}]
Capabilities {acceptInsecureCerts: false, browserName: msedge, browserVersion: 105.0.1343.33, ms:edgeOptions: {debuggerAddress: localhost:59277}, msedge: {msedgedriverVersion: 104.0.1293.47 (246533a39fec..., userDataDir: C:\Users\SREEJY~1\AppData\L...}, networkConnectionEnabled: false, pageLoadStrategy: normal, platformName: WINDOWS, proxy: Proxy(), se:cdp: ws://localhost:59277/devtoo..., se:cdpVersion: 105.0.1343.33, setWindowRect: true, strictFileInteractability: false, timeouts: {implicit: 0, pageLoad: 300000, script: 30000}, unhandledPromptBehavior: dismiss and notify, webauthn:extension:credBlob: true, webauthn:extension:largeBlob: true, webauthn:virtualAuthenticators: true}
Element: [[EdgeDriver: msedge on WINDOWS (2435f2d115adfc2a342d337a00d63a06)] -> xpath: //a[@href='https://groceryapp.uniqassosiates.com/admin/list-expense']]
Session ID: 2435f2d115adfc2a342d337a00d63a06
at org.openqa.selenium.remote.codec.w3c.W3CHttpResponseCodec.createException(W3CHttpResponseCodec.java:200)
at org.openqa.selenium.remote.codec.w3c.W3CHttpResponseCodec.decode(W3CHttpResponseCodec.java:133)
at org.openqa.selenium.remote.codec.w3c.W3CHttpResponseCodec.decode(W3CHttpResponseCodec.java:53)
at org.openqa.selenium.remote.HttpCommandExecutor.execute(HttpCommandExecutor.java:184)
at org.openqa.selenium.remote.service.DriverCommandExecutor.invokeExecute(DriverCommandExecutor.java:167)
at org.openqa.selenium.remote.service.DriverCommandExecutor.execute(DriverCommandExecutor.java:142)
at org.openqa.selenium.remote.RemoteWebDriver.execute(RemoteWebDriver.java:547)
at org.openqa.selenium.remote.RemoteWebElement.execute(RemoteWebElement.java:257)
at org.openqa.selenium.remote.RemoteWebElement.click(RemoteWebElement.java:78)
at org.openqa.selenium.support.pagefactory.internal.LocatingElementHandler.invoke(LocatingElementHandler.java:52)
at com.sun.proxy.$Proxy17.click(Unknown Source)
at Utilities.GeneralUtilities.clickElement(GeneralUtilities.java:39)
at ElementRepository.ManageExpense.clickManagExpensesub(ManageExpense.java:38)
at Testcases.ManageExpenseTestcase.backGroundSearchrVaildation(ManageExpenseTestcase.java:55)
at java.base/java.util.ArrayList.forEach(ArrayList.java:1541)
... Removed 34 stack frames]]>
    </failure>
  </testcase> <!-- backGroundSearchrVaildation -->
</testsuite> <!-- EdgeTest -->
