<?xml version="1.0" encoding="UTF-8"?>
<!-- Generated by org.testng.reporters.JUnitXMLReporter -->
<testsuite ignored="0" hostname="QB-TP3-2221" failures="1" tests="3" name="Firefox" time="17.687" errors="0" timestamp="2022-09-14T12:24:10 IST">
  <testcase classname="Testcases.ManageExpenseTestcase" name="ManageordersResetButtonClrVaildation" time="1.114"/>
  <testcase classname="Testcases.ManageExpenseTestcase" name="Manageorders_search_btn_size" time="1.155"/>
  <testcase classname="Testcases.ManageExpenseTestcase" name="backGroundSearchrVaildation" time="1.146">
    <failure type="java.lang.AssertionError" message="Background color is not correct expected [rgba(220, 53, 69, 1)] but found [rgb(220, 53, 69)]">
      <![CDATA[java.lang.AssertionError: Background color is not correct expected [rgba(220, 53, 69, 1)] but found [rgb(220, 53, 69)]
at Testcases.ManageExpenseTestcase.backGroundSearchrVaildation(ManageExpenseTestcase.java:58)
at java.base/java.util.ArrayList.forEach(ArrayList.java:1541)
... Removed 32 stack frames]]>
    </failure>
  </testcase> <!-- backGroundSearchrVaildation -->
</testsuite> <!-- Firefox -->
